<?xml version="1.0" encoding="UTF-8"?>
<!-- Generated by org.testng.reporters.JUnitReportReporter -->
<testsuite skipped="0" hostname="DESKTOP-941BKNN" name="testngclass.assignment_3" tests="1" failures="0" timestamp="2021-05-11T16:24:18 CDT" time="20.294" errors="0">
  <testcase name="addCustomer" time="20.294" classname="testngclass.assignment_3"/>
  <system-out/>
</testsuite> <!-- testngclass.assignment_3 -->
